Requirement already satisfied: albumentations in /home/users/j/jacsont/Sandozenv/lib/python3.8/site-packages (1.1.0)
Requirement already satisfied: scikit-image>=0.16.1 in /home/users/j/jacsont/Sandozenv/lib/python3.8/site-packages (from albumentations) (0.19.0)
Requirement already satisfied: numpy>=1.11.1 in /home/users/j/jacsont/Sandozenv/lib/python3.8/site-packages (from albumentations) (1.21.4)
Requirement already satisfied: PyYAML in /home/users/j/jacsont/Sandozenv/lib/python3.8/site-packages (from albumentations) (6.0)
Requirement already satisfied: qudida>=0.0.4 in /home/users/j/jacsont/Sandozenv/lib/python3.8/site-packages (from albumentations) (0.0.4)
Requirement already satisfied: scipy in /home/users/j/jacsont/Sandozenv/lib/python3.8/site-packages (from albumentations) (1.7.3)
Requirement already satisfied: opencv-python-headless>=4.1.1 in /home/users/j/jacsont/Sandozenv/lib/python3.8/site-packages (from albumentations) (4.5.5.62)
Requirement already satisfied: PyWavelets>=1.1.1 in /home/users/j/jacsont/Sandozenv/lib/python3.8/site-packages (from scikit-image>=0.16.1->albumentations) (1.2.0)
Requirement already satisfied: tifffile>=2019.7.26 in /home/users/j/jacsont/Sandozenv/lib/python3.8/site-packages (from scikit-image>=0.16.1->albumentations) (2021.11.2)
Requirement already satisfied: imageio>=2.4.1 in /home/users/j/jacsont/Sandozenv/lib/python3.8/site-packages (from scikit-image>=0.16.1->albumentations) (2.13.3)
Requirement already satisfied: pillow!=7.1.0,!=7.1.1,!=8.3.0,>=6.1.0 in /home/users/j/jacsont/Sandozenv/lib/python3.8/site-packages (from scikit-image>=0.16.1->albumentations) (8.4.0)
Requirement already satisfied: packaging>=20.0 in /home/users/j/jacsont/Sandozenv/lib/python3.8/site-packages (from scikit-image>=0.16.1->albumentations) (21.3)
Requirement already satisfied: networkx>=2.2 in /home/users/j/jacsont/Sandozenv/lib/python3.8/site-packages (from scikit-image>=0.16.1->albumentations) (2.6.3)
Requirement already satisfied: scikit-learn>=0.19.1 in /home/users/j/jacsont/Sandozenv/lib/python3.8/site-packages (from qudida>=0.0.4->albumentations) (1.0.2)
Requirement already satisfied: typing-extensions in /home/users/j/jacsont/Sandozenv/lib/python3.8/site-packages (from qudida>=0.0.4->albumentations) (4.0.1)
Requirement already satisfied: pyparsing!=3.0.5,>=2.0.2 in /home/users/j/jacsont/Sandozenv/lib/python3.8/site-packages (from packaging>=20.0->scikit-image>=0.16.1->albumentations) (3.0.6)
Requirement already satisfied: threadpoolctl>=2.0.0 in /home/users/j/jacsont/Sandozenv/lib/python3.8/site-packages (from scikit-learn>=0.19.1->qudida>=0.0.4->albumentations) (3.1.0)
Requirement already satisfied: joblib>=0.11 in /home/users/j/jacsont/Sandozenv/lib/python3.8/site-packages (from scikit-learn>=0.19.1->qudida>=0.0.4->albumentations) (1.1.0)
WARNING: You are using pip version 20.2.1; however, version 22.0.3 is available.
You should consider upgrading via the '/home/users/j/jacsont/Sandozenv/bin/python3 -m pip install --upgrade pip' command.
KETOS training
WARNING:root:scikit-learn version 1.0.2 is not supported. Minimum required version: 0.17. Maximum required version: 0.19.2. Disabling scikit-learn conversion API.
WARNING:root:Torch version 1.10.0+cu102 has not been tested with coremltools. You may run into unexpected errors. Torch 1.9.1 is the most recent version that has been tested.
[38.3452] No valid filename found in ALTO file 
[38.9967] No valid filename found in ALTO file 
[40.0483] No valid filename found in ALTO file 
[41.2702] No valid filename found in ALTO file 
Building training set
Building validation set
[1001.5031] alphabet mismatch: chars in training set only: {'|', '&', '^', '%', '’', '*', '¬', '#', '"', 'K', '̂', '[', '°', '/', '_', 'k', ']', '0', '•', '¥', '„'} (not included in accuracy test during training) 
Initializing model ✓
stage 1/∞
Accuracy report (1) 0.9381 29469 1823
stage 2/∞
Accuracy report (2) 0.9624 29472 1109
stage 3/∞
Accuracy report (3) 0.9768 29466 683
stage 4/∞
Accuracy report (4) 0.9824 29481 518
stage 5/∞
Accuracy report (5) 0.9839 29486 474
stage 6/∞
Accuracy report (6) 0.9858 29470 419
stage 7/∞
Accuracy report (7) 0.9870 29468 382
stage 8/∞
Accuracy report (8) 0.9886 29474 337
stage 9/∞
Accuracy report (9) 0.9902 29471 288
stage 10/∞
Accuracy report (10) 0.9892 29459 318
stage 11/∞
Accuracy report (11) 0.9905 29468 279
stage 12/∞
Accuracy report (12) 0.9920 29472 237
stage 13/∞
Accuracy report (13) 0.9918 29469 243
stage 14/∞
Accuracy report (14) 0.9934 29471 194
stage 15/∞
Accuracy report (15) 0.9931 29471 204
stage 16/∞
Accuracy report (16) 0.9934 29468 195
stage 17/∞
Accuracy report (17) 0.9940 29471 177
stage 18/∞
Accuracy report (18) 0.9953 29477 140
stage 19/∞
Accuracy report (19) 0.9954 29469 136
stage 20/∞
Accuracy report (20) 0.9954 29466 135
stage 21/∞
Accuracy report (21) 0.9957 29467 126
stage 22/∞
Accuracy report (22) 0.9957 29469 128
stage 23/∞
Accuracy report (23) 0.9959 29470 120
stage 24/∞
Accuracy report (24) 0.9967 29470 98
stage 25/∞
Accuracy report (25) 0.9970 29475 89
stage 26/∞
Accuracy report (26) 0.9967 29469 96
stage 27/∞
Accuracy report (27) 0.9969 29467 90
stage 28/∞
Accuracy report (28) 0.9972 29468 83
stage 29/∞
Accuracy report (29) 0.9979 29480 61
stage 30/∞
Accuracy report (30) 0.9976 29468 70
stage 31/∞
Accuracy report (31) 0.9979 29468 61
stage 32/∞
Accuracy report (32) 0.9981 29474 57
stage 33/∞
Accuracy report (33) 0.9984 29473 47
stage 34/∞
Accuracy report (34) 0.9978 29469 64
stage 35/∞
Accuracy report (35) 0.9983 29469 51
stage 36/∞
Accuracy report (36) 0.9985 29468 45
stage 37/∞
Accuracy report (37) 0.9985 29446 44
stage 38/∞
Accuracy report (38) 0.9988 29469 35
stage 39/∞
Accuracy report (39) 0.9981 29473 55
stage 40/∞
Accuracy report (40) 0.9986 29470 40
stage 41/∞
Accuracy report (41) 0.9990 29470 29
stage 42/∞
Accuracy report (42) 0.9990 29474 30
stage 43/∞
Accuracy report (43) 0.9988 29470 36
stage 44/∞
Accuracy report (44) 0.9990 29469 28
stage 45/∞
Accuracy report (45) 0.9992 29475 24
stage 46/∞
Accuracy report (46) 0.9990 29468 29
stage 47/∞
Accuracy report (47) 0.9992 29468 23
stage 48/∞
Accuracy report (48) 0.9991 29471 26
stage 49/∞
Accuracy report (49) 0.9992 29469 25
stage 50/∞
srun: Job step aborted: Waiting up to 92 seconds for job step to finish.
slurmstepd: error: *** JOB 8322779 ON gpu004 CANCELLED AT 2022-02-08T15:17:52 DUE TO TIME LIMIT ***
slurmstepd: error: *** STEP 8322779.0 ON gpu004 CANCELLED AT 2022-02-08T15:17:52 DUE TO TIME LIMIT ***
